Change Component Designator: Old Designator=C20 New Designator=C21
Change Component Designator: Old Designator=C21 New Designator=C20
Change Component Designator: Old Designator=C23 New Designator=C22
Change Component Designator: Old Designator=D302 New Designator=D1
Change Component Designator: Old Designator=D303 New Designator=D2
Change Component Designator: Old Designator=J7 New Designator=J6
Change Component Designator: Old Designator=K1 New Designator=K3
Change Component Designator: Old Designator=K3 New Designator=K2
Change Component Designator: Old Designator=LED2 New Designator=LED3
Change Component Designator: Old Designator=R37 New Designator=R39
Change Component Designator: Old Designator=R38 New Designator=R44
Change Component Designator: Old Designator=R39 New Designator=R45
Change Component Designator: Old Designator=R40 New Designator=R41
Change Component Designator: Old Designator=R41 New Designator=R46
Change Component Designator: Old Designator=R42 New Designator=R47
Change Component Designator: Old Designator=R43 New Designator=R42
Change Component Designator: Old Designator=R44 New Designator=R48
Change Component Designator: Old Designator=R45 New Designator=R49
Change Component Designator: Old Designator=R46 New Designator=R43
Change Component Designator: Old Designator=R47 New Designator=R52
Change Component Designator: Old Designator=R48 New Designator=R53
Change Component Designator: Old Designator=R50 New Designator=R40
Change Component Designator: Old Designator=R312 New Designator=R50
Change Component Designator: Old Designator=R313 New Designator=R51
Change Component Designator: Old Designator=TP300 New Designator=TP1
Change Component Designator: Old Designator=TP301 New Designator=TP2
Change Component Designator: Old Designator=TP302 New Designator=TP3
Change Component Designator: Old Designator=TP303 New Designator=TP4
Change Component Designator: Old Designator=U8 New Designator=U7
