Change Component Designator: Old Designator=C5 New Designator=C1
Change Component Designator: Old Designator=C6 New Designator=C2
Change Component Designator: Old Designator=C7 New Designator=C3
Change Component Designator: Old Designator=C8 New Designator=C4
Change Component Designator: Old Designator=C9 New Designator=C5
Change Component Designator: Old Designator=C19 New Designator=C6
Change Component Designator: Old Designator=C20 New Designator=C7
Change Component Designator: Old Designator=C21 New Designator=C9
Change Component Designator: Old Designator=C22 New Designator=C8
Change Component Designator: Old Designator=J4 New Designator=J2
Change Component Designator: Old Designator=J6 New Designator=J3
Change Component Designator: Old Designator=J7 New Designator=J1
Change Component Designator: Old Designator=K2 New Designator=K1
Change Component Designator: Old Designator=K3 New Designator=K2
Change Component Designator: Old Designator=LD12 New Designator=LD1
Change Component Designator: Old Designator=LD14 New Designator=LD2
Change Component Designator: Old Designator=LD15 New Designator=LD3
Change Component Designator: Old Designator=Q6 New Designator=Q1
Change Component Designator: Old Designator=Q7 New Designator=Q2
Change Component Designator: Old Designator=R24 New Designator=R13
Change Component Designator: Old Designator=R25 New Designator=R14
Change Component Designator: Old Designator=R39 New Designator=R7
Change Component Designator: Old Designator=R40 New Designator=R8
Change Component Designator: Old Designator=R41 New Designator=R2
Change Component Designator: Old Designator=R42 New Designator=R1
Change Component Designator: Old Designator=R44 New Designator=R3
Change Component Designator: Old Designator=R45 New Designator=R4
Change Component Designator: Old Designator=R46 New Designator=R5
Change Component Designator: Old Designator=R47 New Designator=R6
Change Component Designator: Old Designator=R48 New Designator=R9
Change Component Designator: Old Designator=R49 New Designator=R10
Change Component Designator: Old Designator=R50 New Designator=R11
Change Component Designator: Old Designator=R51 New Designator=R12
Change Component Designator: Old Designator=U2 New Designator=U1
Change Component Designator: Old Designator=U7 New Designator=U2
