Change Component Designator: Old Designator= New Designator=1
Change Component Designator: Old Designator= New Designator=2
Change Component Designator: Old Designator= New Designator=3
Change Component Designator: Old Designator= New Designator=4
Change Component Designator: Old Designator= New Designator=5
Change Component Designator: Old Designator= New Designator=6
Change Component Designator: Old Designator= New Designator=7
Change Component Designator: Old Designator=C10 New Designator=C1
Change Component Designator: Old Designator=DS? New Designator=DS1
Change Component Designator: Old Designator=DS? New Designator=DS2
Change Component Designator: Old Designator=DS? New Designator=DS3
Change Component Designator: Old Designator=HPD05灰尘传感器 New Designator=HPD1
Change Component Designator: Old Designator=J？ New Designator=J？1
Change Component Designator: Old Designator=J？ New Designator=J？2
Change Component Designator: Old Designator=LD1 New Designator=LD5
Change Component Designator: Old Designator=LD2 New Designator=LD6
Change Component Designator: Old Designator=LD3 New Designator=LD1
Change Component Designator: Old Designator=LD4 New Designator=LD7
Change Component Designator: Old Designator=LD5 New Designator=LD3
Change Component Designator: Old Designator=LD6 New Designator=LD2
Change Component Designator: Old Designator=LD7 New Designator=LD4
Change Component Designator: Old Designator=LD8 New Designator=LD13
Change Component Designator: Old Designator=LD9 New Designator=LD10
Change Component Designator: Old Designator=LD10 New Designator=LD11
Change Component Designator: Old Designator=LD11 New Designator=LD12
Change Component Designator: Old Designator=LD12 New Designator=LD8
Change Component Designator: Old Designator=LD13 New Designator=LD9
Change Component Designator: Old Designator=P? New Designator=P1
Change Component Designator: Old Designator=R11 New Designator=R12
Change Component Designator: Old Designator=R12 New Designator=R11
Change Component Designator: Old Designator=R13 New Designator=R10
Change Component Designator: Old Designator=R21 New Designator=R3
Change Component Designator: Old Designator=R22 New Designator=R5
Change Component Designator: Old Designator=R24 New Designator=R2
Change Component Designator: Old Designator=R29 New Designator=R7
Change Component Designator: Old Designator=R31 New Designator=R6
Change Component Designator: Old Designator=R32 New Designator=R8
Change Component Designator: Old Designator=R37 New Designator=R13
Change Component Designator: Old Designator=R46 New Designator=R1
Change Component Designator: Old Designator=R47 New Designator=R4
Change Component Designator: Old Designator=R49 New Designator=R17
Change Component Designator: Old Designator=R50 New Designator=R16
Change Component Designator: Old Designator=R51 New Designator=R15
Change Component Designator: Old Designator=R52 New Designator=R18
Change Component Designator: Old Designator=R53 New Designator=R9
Change Component Designator: Old Designator=R54 New Designator=R14
Change Component Designator: Old Designator=R？ New Designator=R？1
Change Component Designator: Old Designator=T1 New Designator=T3
Change Component Designator: Old Designator=T2 New Designator=T1
Change Component Designator: Old Designator=T3 New Designator=T4
Change Component Designator: Old Designator=T4 New Designator=T5
Change Component Designator: Old Designator=T5 New Designator=T2
Change Component Designator: Old Designator=U1 New Designator=U3
Change Component Designator: Old Designator=U2 New Designator=U4
Change Component Designator: Old Designator=U3 New Designator=U1
Change Component Designator: Old Designator=U4 New Designator=U2
Change Component Designator: Old Designator=U7 New Designator=U5
Change Component Designator: Old Designator=WIFI （预留） New Designator=WIFI （预留）1
Change Component Designator: Old Designator=仓门电机 New Designator=仓门电机1
