C51 COMPILER V9.52.0.0   INT1                                                              11/17/2017 11:06:45 PAGE 1   


C51 COMPILER V9.52.0.0, COMPILATION OF MODULE INT1
OBJECT MODULE PLACED IN .\Objects\INT1.obj
COMPILER INVOKED BY: C:\Keil_v5\C51\BIN\C51.EXE USER\EXINT\INT1.c LARGE OPTIMIZE(8,SPEED) BROWSE INCDIR(..\project;.\USE
                    -R\BUZZER;.\USER\charge;.\USER\common;.\USER\DC_MOTOR;.\USER\EEPROM;.\USER\EXINT;.\USER\IIC;.\USER\inc;.\USER\ION;.\USER\
                    -M26;.\USER\PWM;.\USER\Sensor;.\USER\step_motor;.\USER\SYS_RUN;.\USER\timer;.\USER\TM1620;.\USER\touch_key;.\USER\UART;.\
                    -USER\UV;.\USER\LVI) DEBUG OBJECTEXTEND PRINT(.\Listings\INT1.lst) TABS(2) OBJECT(.\Objects\INT1.obj)

line level    source

   1          #include "OB39R32T1.h"
   2          #include "INT1.h"
   3          #include "global.h"
   4          
   5          
   6          
   7          //void Start_INT1(void)
   8          //{
   9          //    EA = 1; 
  10          //    //设置为下降沿触发
  11          //    EX1 = 1;
  12          //    IT1 = 1;  
  13          //    
  14          //      
  15          
  16          //}
  17          
  18          
  19          
  20          
  21          //void INT1_ISR(void) interrupt d_INT1_Vector
  22          //{
  23          //    FGcount++;
  24          
  25          
  26          //}
  27          
  28          
  29          
  30          void Start_INT3(void)
  31          {
  32   1          EA = 1; 
  33   1          //设置为下降沿触发
  34   1          EX3 = 1;
*** ERROR C202 IN LINE 34 OF USER\EXINT\INT1.c: 'EX3': undefined identifier
  35   1          IT3 = 1;  
  36   1          
  37   1            
  38   1      
  39   1      }
  40          
  41          
  42          
  43          
  44          void INT3_ISR(void) interrupt d_INT3_Vector
  45          {
  46   1          FGcount++;
  47   1      
  48   1      
  49   1      }

C51 COMPILATION COMPLETE.  0 WARNING(S),  1 ERROR(S)
