C51 COMPILER V9.52.0.0   COMMON                                                            01/15/2018 10:31:04 PAGE 1   


C51 COMPILER V9.52.0.0, COMPILATION OF MODULE COMMON
OBJECT MODULE PLACED IN .\Objects\common.obj
COMPILER INVOKED BY: C:\Keil_v5\C51\BIN\C51.EXE USER\common\common.c LARGE OPTIMIZE(8,SPEED) BROWSE INCDIR(..\project;.\
                    -USER\BUZZER;.\USER\common;.\USER\DC_MOTOR;.\USER\EXINT;.\USER\IIC;.\USER\inc;.\USER\ION;.\USER\PWM;.\USER\step_motor;.\U
                    -SER\SYS_RUN;.\USER\timer;.\USER\TM1620;.\USER\touch_key;.\USER\UART;.\USER\UV;.\USER\Sensor;.\USER\user_timer) DEBUG OBJ
                    -ECTEXTEND PRINT(.\Listings\common.lst) TABS(2) OBJECT(.\Objects\common.obj)

line level    source

   1          #include <stdio.h>
   2          #include "common.h"
   3          #include "wifi_uart.h"
   4          
   5          
   6          unsigned int mystrlen(unsigned char *buff)
   7          {
   8   1          unsigned int length = 0;
   9   1          while((*buff++) != '\0')
  10   1          {
  11   2              length++;
  12   2              if(length > 0xFF)
  13   2              {
  14   3                  return 0xFF;
  15   3              }
  16   2          }
  17   1          
  18   1          return length;
  19   1      
  20   1      }
  21          
  22          //unsigned char mymemset(unsigned char *buff,unsigned char fill_data,unsigned char length)
  23          //{
  24          //    unsigned int i = 0;
  25          //    if(length > 0xFF)
  26          //    {
  27          //        return 1;
  28          //    }
  29          //    
  30          //    for(i = 0;i < length;i++)
  31          //    {
  32          //        buff[i] = fill_data;
  33          //    }
  34          //    
  35          //    return 0;
  36          //}
  37          


MODULE INFORMATION:   STATIC OVERLAYABLE
   CODE SIZE        =     55    ----
   CONSTANT SIZE    =   ----    ----
   XDATA SIZE       =   ----       3
   PDATA SIZE       =   ----    ----
   DATA SIZE        =   ----    ----
   IDATA SIZE       =   ----    ----
   BIT SIZE         =   ----    ----
END OF MODULE INFORMATION.


C51 COMPILATION COMPLETE.  0 WARNING(S),  0 ERROR(S)
