C51 COMPILER V9.52.0.0   DATA                                                              09/15/2017 15:49:52 PAGE 1   


C51 COMPILER V9.52.0.0, COMPILATION OF MODULE DATA
OBJECT MODULE PLACED IN .\Objects\data.obj
COMPILER INVOKED BY: C:\Keil_v5\C51\BIN\C51.EXE ..\User\data.c OPTIMIZE(8,SPEED) BROWSE INCDIR(..\User;..\User\led;..\Us
                    -er\touch;..\User\timer;..\User\inc) DEBUG OBJECTEXTEND PRINT(.\Listings\data.lst) TABS(2) OBJECT(.\Objects\data.obj)

line level    source

   1          #include "global.h"
   2          
   3          unsigned char g_2ms_flag = 0;
   4          unsigned char g_10ms_flag = 0;
   5          unsigned char g_100ms_flag = 0;
   6          //volatile unsigned char g_1000ms_flag = 0;
   7          unsigned char g_1000ms_flag = 0;
   8                
   9                
  10                


MODULE INFORMATION:   STATIC OVERLAYABLE
   CODE SIZE        =   ----    ----
   CONSTANT SIZE    =   ----    ----
   XDATA SIZE       =   ----    ----
   PDATA SIZE       =   ----    ----
   DATA SIZE        =      4    ----
   IDATA SIZE       =   ----    ----
   BIT SIZE         =   ----    ----
END OF MODULE INFORMATION.


C51 COMPILATION COMPLETE.  0 WARNING(S),  0 ERROR(S)
