C51 COMPILER V9.52.0.0   INT1                                                              12/18/2017 15:06:11 PAGE 1   


C51 COMPILER V9.52.0.0, COMPILATION OF MODULE INT1
OBJECT MODULE PLACED IN .\Objects\INT1.obj
COMPILER INVOKED BY: C:\Keil_v5\C51\BIN\C51.EXE USER\EXINT\INT1.c LARGE OPTIMIZE(8,SPEED) BROWSE INCDIR(.\USER\IIC;.\USE
                    -R\UART;.\USER\TM1618;.\USER\Sensor;.\USER;.\USER\PWM;.\USER\DC_MOTOR;.\USER\timer;.\USER\inc;.\USER\EXINT;.\USER\touch_k
                    -ey;.\USER\SYS_RUN;.\USER\step_motor;.\USER\BUZZER;.\USER\UART;.\USER\common;.\USER\lib;.\USER\UV;.\USER\ION;.\USER\EEPRO
                    -M;.\USER\TM1620;.\USER\user_timer) DEBUG OBJECTEXTEND PRINT(.\Listings\INT1.lst) TABS(2) OBJECT(.\Objects\INT1.obj)

line level    source

   1          #include "OB39R16A6.h"
   2          #include "INT1.h"
   3          #include "global.h"
   4          
   5          
   6          
   7          void Start_INT1(void)
   8          {
   9   1          EA = 1; 
  10   1          //设置为下降沿触发
  11   1          EX1 = 1;
  12   1          IT1 = 1;  
  13   1          
  14   1            
  15   1      
  16   1      }
  17          
  18          
  19          
  20          
  21          void INT1_ISR(void) interrupt d_INT1_Vector
  22          {
  23   1          FGcount++;
  24   1      
  25   1      
  26   1      }


MODULE INFORMATION:   STATIC OVERLAYABLE
   CODE SIZE        =     26    ----
   CONSTANT SIZE    =   ----    ----
   XDATA SIZE       =   ----    ----
   PDATA SIZE       =   ----    ----
   DATA SIZE        =   ----    ----
   IDATA SIZE       =   ----    ----
   BIT SIZE         =   ----    ----
END OF MODULE INFORMATION.


C51 COMPILATION COMPLETE.  0 WARNING(S),  0 ERROR(S)
